This is pdfTeX, Version 3.14159265-2.6-1.40.18 (TeX Live 2017) (preloaded format=latex 2017.9.5)  13 APR 2021 18:13
entering extended mode
 restricted \write18 enabled.
 %&-line parsing enabled.
**2_4__db__u__Wp__t__tb__G.tex
(./2_4__db__u__Wp__t__tb__G.tex
LaTeX2e <2017-04-15>
Babel <3.12> and hyphenation patterns for 84 language(s) loaded.
(/hpc/applications/texlive/2017/texmf-dist/tex/latex/base/article.cls
Document Class: article 2014/09/29 v1.4h Standard LaTeX document class
(/hpc/applications/texlive/2017/texmf-dist/tex/latex/base/size10.clo
File: size10.clo 2014/09/29 v1.4h Standard LaTeX file (size option)
)
\c@part=\count79
\c@section=\count80
\c@subsection=\count81
\c@subsubsection=\count82
\c@paragraph=\count83
\c@subparagraph=\count84
\c@figure=\count85
\c@table=\count86
\abovecaptionskip=\skip41
\belowcaptionskip=\skip42
\bibindent=\dimen102
)
(/hpc/applications/texlive/2017/texmf-dist/tex/latex/feynmf/feynmp.sty
Package: feynmp 1996/12/02 v1.08 LaTeX/MetaPost Feynman Diagram Package (ohl)

(/hpc/applications/texlive/2017/texmf-dist/tex/latex/graphics/graphics.sty
Package: graphics 2017/06/25 v1.2c Standard LaTeX Graphics (DPC,SPQR)

(/hpc/applications/texlive/2017/texmf-dist/tex/latex/graphics/trig.sty
Package: trig 2016/01/03 v1.10 sin cos tan (DPC)
)
(/hpc/applications/texlive/2017/texmf-dist/tex/latex/graphics-cfg/graphics.cfg
File: graphics.cfg 2016/06/04 v1.11 sample graphics configuration
)
Package graphics Info: Driver file: dvips.def on input line 99.
(/hpc/applications/texlive/2017/texmf-dist/tex/latex/graphics-def/dvips.def
File: dvips.def 2017/06/20 v3.1d Graphics/color driver for dvips
))
\@outfmf=\write3
\fmfbuf@=\toks14
\c@fmfgraph=\count87
)
(/hpc/applications/texlive/2017/texmf-dist/tex/latex/amsmath/amsmath.sty
Package: amsmath 2016/11/05 v2.16a AMS math features
\@mathmargin=\skip43

For additional information on amsmath, use the `?' option.
(/hpc/applications/texlive/2017/texmf-dist/tex/latex/amsmath/amstext.sty
Package: amstext 2000/06/29 v2.01 AMS text

(/hpc/applications/texlive/2017/texmf-dist/tex/latex/amsmath/amsgen.sty
File: amsgen.sty 1999/11/30 v2.0 generic functions
\@emptytoks=\toks15
\ex@=\dimen103
))
(/hpc/applications/texlive/2017/texmf-dist/tex/latex/amsmath/amsbsy.sty
Package: amsbsy 1999/11/29 v1.2d Bold Symbols
\pmbraise@=\dimen104
)
(/hpc/applications/texlive/2017/texmf-dist/tex/latex/amsmath/amsopn.sty
Package: amsopn 2016/03/08 v2.02 operator names
)
\inf@bad=\count88
LaTeX Info: Redefining \frac on input line 213.
\uproot@=\count89
\leftroot@=\count90
LaTeX Info: Redefining \overline on input line 375.
\classnum@=\count91
\DOTSCASE@=\count92
LaTeX Info: Redefining \ldots on input line 472.
LaTeX Info: Redefining \dots on input line 475.
LaTeX Info: Redefining \cdots on input line 596.
\Mathstrutbox@=\box26
\strutbox@=\box27
\big@size=\dimen105
LaTeX Font Info:    Redeclaring font encoding OML on input line 712.
LaTeX Font Info:    Redeclaring font encoding OMS on input line 713.
\macc@depth=\count93
\c@MaxMatrixCols=\count94
\dotsspace@=\muskip10
\c@parentequation=\count95
\dspbrk@lvl=\count96
\tag@help=\toks16
\row@=\count97
\column@=\count98
\maxfields@=\count99
\andhelp@=\toks17
\eqnshift@=\dimen106
\alignsep@=\dimen107
\tagshift@=\dimen108
\tagwidth@=\dimen109
\totwidth@=\dimen110
\lineht@=\dimen111
\@envbody=\toks18
\multlinegap=\skip44
\multlinetaggap=\skip45
\mathdisplay@stack=\toks19
LaTeX Info: Redefining \[ on input line 2817.
LaTeX Info: Redefining \] on input line 2818.
)
(/hpc/applications/texlive/2017/texmf-dist/tex/latex/amsfonts/amssymb.sty
Package: amssymb 2013/01/14 v3.01 AMS font symbols

(/hpc/applications/texlive/2017/texmf-dist/tex/latex/amsfonts/amsfonts.sty
Package: amsfonts 2013/01/14 v3.01 Basic AMSFonts support
\symAMSa=\mathgroup4
\symAMSb=\mathgroup5
LaTeX Font Info:    Overwriting math alphabet `\mathfrak' in version `bold'
(Font)                  U/euf/m/n --> U/euf/b/n on input line 106.
))
(/hpc/applications/texlive/2017/texmf-dist/tex/latex/tools/longtable.sty
Package: longtable 2014/10/28 v4.11 Multi-page Table package (DPC)
\LTleft=\skip46
\LTright=\skip47
\LTpre=\skip48
\LTpost=\skip49
\LTchunksize=\count100
\LTcapwidth=\dimen112
\LT@head=\box28
\LT@firsthead=\box29
\LT@foot=\box30
\LT@lastfoot=\box31
\LT@cols=\count101
\LT@rows=\count102
\c@LT@tables=\count103
\c@LT@chunks=\count104
\LT@p@ftn=\toks20
)
(/hpc/applications/texlive/2017/texmf-dist/tex/latex/pst-text/pst-text.sty
(/hpc/applications/texlive/2017/texmf-dist/tex/latex/pstricks/pstricks.sty
Package: pstricks 2017/03/17 v0.63 LaTeX wrapper for `PSTricks' (RN,HV)

(/hpc/applications/texlive/2017/texmf-dist/tex/generic/iftex/iftex.sty
Package: iftex 2013/04/04 v0.2 Provides if(tex) conditional for PDFTeX, XeTeX, 
and LuaTeX
)
(/hpc/applications/texlive/2017/texmf-dist/tex/latex/tools/shellesc.sty
Package: shellesc 2016/06/07 v0.02a unified shell escape interface for LaTeX
Package shellesc Info: Restricted shell escape enabled on input line 69.
)
(/hpc/applications/texlive/2017/texmf-dist/tex/latex/xcolor/xcolor.sty
Package: xcolor 2016/05/11 v2.12 LaTeX color extensions (UK)

(/hpc/applications/texlive/2017/texmf-dist/tex/latex/graphics-cfg/color.cfg
File: color.cfg 2016/01/02 v1.6 sample color configuration
)
Package xcolor Info: Driver file: dvips.def on input line 225.
Package xcolor Info: Model `cmy' substituted by `cmy0' on input line 1348.
Package xcolor Info: Model `RGB' extended on input line 1364.
Package xcolor Info: Model `HTML' substituted by `rgb' on input line 1366.
Package xcolor Info: Model `Hsb' substituted by `hsb' on input line 1367.
Package xcolor Info: Model `tHsb' substituted by `hsb' on input line 1368.
Package xcolor Info: Model `HSB' substituted by `hsb' on input line 1369.
Package xcolor Info: Model `Gray' substituted by `gray' on input line 1370.
Package xcolor Info: Model `wave' substituted by `hsb' on input line 1371.
)
(/hpc/applications/texlive/2017/texmf-dist/tex/generic/pstricks/pstricks.tex
(/hpc/applications/texlive/2017/texmf-dist/tex/generic/xkeyval/pst-xkey.tex
File: pst-xkey.tex 2005/11/25 v1.6 PSTricks specialization of xkeyval (HA)

(/hpc/applications/texlive/2017/texmf-dist/tex/latex/xkeyval/xkeyval.sty
Package: xkeyval 2014/12/03 v2.7a package option processing (HA)

(/hpc/applications/texlive/2017/texmf-dist/tex/generic/xkeyval/xkeyval.tex
(/hpc/applications/texlive/2017/texmf-dist/tex/generic/xkeyval/xkvutils.tex
\XKV@toks=\toks21
\XKV@tempa@toks=\toks22

(/hpc/applications/texlive/2017/texmf-dist/tex/generic/xkeyval/keyval.tex))
\XKV@depth=\count105
File: xkeyval.tex 2014/12/03 v2.7a key=value parser (HA)
)))
(/hpc/applications/texlive/2017/texmf-dist/tex/generic/pstricks/pst-fp.tex
`pst-fp' v0.05, 2010/01/17 (hv)
\pstFP@xs=\count106
\pstFP@xia=\count107
\pstFP@xib=\count108
\pstFP@xfa=\count109
\pstFP@xfb=\count110
\pstFP@rega=\count111
\pstFP@regb=\count112
\pstFP@regs=\count113
\pstFP@times=\count114
)
(/hpc/applications/texlive/2017/texmf-dist/tex/generic/pgf/utilities/pgfutil-co
mmon.tex
\pgfutil@everybye=\toks23
\pgfutil@tempdima=\dimen113
\pgfutil@tempdimb=\dimen114

(/hpc/applications/texlive/2017/texmf-dist/tex/generic/pgf/utilities/pgfutil-co
mmon-lists.tex))
(/hpc/applications/texlive/2017/texmf-dist/tex/generic/pgf/utilities/pgfkeys.co
de.tex
\pgfkeys@pathtoks=\toks24
\pgfkeys@temptoks=\toks25

(/hpc/applications/texlive/2017/texmf-dist/tex/generic/pgf/utilities/pgfkeysfil
tered.code.tex
\pgfkeys@tmptoks=\toks26
))
(/hpc/applications/texlive/2017/texmf-dist/tex/generic/pgf/utilities/pgffor.cod
e.tex
(/hpc/applications/texlive/2017/texmf-dist/tex/generic/pgf/math/pgfmath.code.te
x
(/hpc/applications/texlive/2017/texmf-dist/tex/generic/pgf/math/pgfmathcalc.cod
e.tex
(/hpc/applications/texlive/2017/texmf-dist/tex/generic/pgf/math/pgfmathutil.cod
e.tex
\pgf@x=\dimen115
\pgf@xa=\dimen116
\pgf@xb=\dimen117
\pgf@xc=\dimen118
\pgf@y=\dimen119
\pgf@ya=\dimen120
\pgf@yb=\dimen121
\pgf@yc=\dimen122
\c@pgf@counta=\count115
\c@pgf@countb=\count116
\c@pgf@countc=\count117
\c@pgf@countd=\count118
\pgfutil@tempcnta=\count119
\pgfutil@tempcntb=\count120
)
(/hpc/applications/texlive/2017/texmf-dist/tex/generic/pgf/math/pgfmathparser.c
ode.tex
\pgfmath@dimen=\dimen123
\pgfmath@count=\count121
\pgfmath@box=\box32
\pgfmath@toks=\toks27
\pgfmath@stack@operand=\toks28
\pgfmath@stack@operation=\toks29
)
(/hpc/applications/texlive/2017/texmf-dist/tex/generic/pgf/math/pgfmathfunction
s.code.tex
(/hpc/applications/texlive/2017/texmf-dist/tex/generic/pgf/math/pgfmathfunction
s.basic.code.tex)
(/hpc/applications/texlive/2017/texmf-dist/tex/generic/pgf/math/pgfmathfunction
s.trigonometric.code.tex)
(/hpc/applications/texlive/2017/texmf-dist/tex/generic/pgf/math/pgfmathfunction
s.random.code.tex)
(/hpc/applications/texlive/2017/texmf-dist/tex/generic/pgf/math/pgfmathfunction
s.comparison.code.tex)
(/hpc/applications/texlive/2017/texmf-dist/tex/generic/pgf/math/pgfmathfunction
s.base.code.tex)
(/hpc/applications/texlive/2017/texmf-dist/tex/generic/pgf/math/pgfmathfunction
s.round.code.tex)
(/hpc/applications/texlive/2017/texmf-dist/tex/generic/pgf/math/pgfmathfunction
s.misc.code.tex)
(/hpc/applications/texlive/2017/texmf-dist/tex/generic/pgf/math/pgfmathfunction
s.integerarithmetics.code.tex)))
(/hpc/applications/texlive/2017/texmf-dist/tex/generic/pgf/math/pgfmathfloat.co
de.tex
\c@pgfmathroundto@lastzeros=\count122
))
\pgffor@iter=\dimen124
\pgffor@skip=\dimen125
\pgffor@stack=\toks30
\pgffor@toks=\toks31
)
\psLoopIndex=\count123

`PSTricks' v2.75  <2017/08/24> (tvz)
\pst@dima=\dimen126
\pst@dimb=\dimen127
\pst@dimc=\dimen128
\pst@dimd=\dimen129
\pst@dimg=\dimen130
\pst@dimh=\dimen131
\pst@dimm=\dimen132
\pst@dimn=\dimen133
\pst@dimo=\dimen134
\pst@dimp=\dimen135
\pst@hbox=\box33
\pst@ibox=\box34
\pst@boxg=\box35
\pst@cnta=\count124
\pst@cntb=\count125
\pst@cntc=\count126
\pst@cntd=\count127
\pst@cntg=\count128
\pst@cnth=\count129
\pst@cntm=\count130
\pst@cntn=\count131
\pst@cnto=\count132
\pst@cntp=\count133
\@zero=\count134
\pst@toks=\toks32
(/hpc/applications/texlive/2017/texmf-dist/tex/generic/pstricks/pstricks.con)
\psunit=\dimen136
\psxunit=\dimen137
\psyunit=\dimen138
\pst@C@@rType=\count135
\pslinewidth=\dimen139
\psk@startLW=\dimen140
\psk@endLW=\dimen141
\pst@customdefs=\toks33
\pslinearc=\dimen142
\pst@symbolStep=\dimen143
\pst@symbolWidth=\dimen144
\pst@symbolLinewidth=\dimen145
\everypsbox=\toks34
\psframesep=\dimen146
\pslabelsep=\dimen147
\sh@wgridXunit=\dimen148
\sh@wgridYunit=\dimen149
\pst@shift=\dimen150
)
File: pstricks.tex 2017/08/24 v2.75 `PSTricks' (tvz,hv)

(/hpc/applications/texlive/2017/texmf-dist/tex/generic/pstricks/pst-fp.tex)
File: pst-fp.tex 2017/08/24 v2.75 `PST-fp' (hv)
)
Package: pst-text 2006/01/01 package wrapper for pst-text.tex (hv)

(/hpc/applications/texlive/2017/texmf-dist/tex/generic/pst-text/pst-text.tex
 v1.00, 2006/11/05(tvz,hv))
File: pst-text.tex 2006/11/05 1.00 `pst-text' (tvz)
) (./2_4__db__u__Wp__t__tb__G.aux)
\openout1 = `2_4__db__u__Wp__t__tb__G.aux'.

LaTeX Font Info:    Checking defaults for OML/cmm/m/it on input line 19.
LaTeX Font Info:    ... okay on input line 19.
LaTeX Font Info:    Checking defaults for T1/cmr/m/n on input line 19.
LaTeX Font Info:    ... okay on input line 19.
LaTeX Font Info:    Checking defaults for OT1/cmr/m/n on input line 19.
LaTeX Font Info:    ... okay on input line 19.
LaTeX Font Info:    Checking defaults for OMS/cmsy/m/n on input line 19.
LaTeX Font Info:    ... okay on input line 19.
LaTeX Font Info:    Checking defaults for OMX/cmex/m/n on input line 19.
LaTeX Font Info:    ... okay on input line 19.
LaTeX Font Info:    Checking defaults for U/cmr/m/n on input line 19.
LaTeX Font Info:    ... okay on input line 19.
\openout3 = `2_4__db__u__Wp__t__tb__G_fg.mp'.

File: 2_4__db__u__Wp__t__tb__G_fg.1 Graphic file (type eps)

<2_4__db__u__Wp__t__tb__G_fg.1> (./2_4__db__u__Wp__t__tb__G_fg.t1
LaTeX Font Info:    Try loading font information for U+msa on input line 2.

(/hpc/applications/texlive/2017/texmf-dist/tex/latex/amsfonts/umsa.fd
File: umsa.fd 2013/01/14 v3.01 AMS symbols A
)
LaTeX Font Info:    Try loading font information for U+msb on input line 2.

(/hpc/applications/texlive/2017/texmf-dist/tex/latex/amsfonts/umsb.fd
File: umsb.fd 2013/01/14 v3.01 AMS symbols B
))
File: 2_4__db__u__Wp__t__tb__G_fg.2 Graphic file (type eps)

<2_4__db__u__Wp__t__tb__G_fg.2> (./2_4__db__u__Wp__t__tb__G_fg.t2)
File: 2_4__db__u__Wp__t__tb__G_fg.3 Graphic file (type eps)

<2_4__db__u__Wp__t__tb__G_fg.3> (./2_4__db__u__Wp__t__tb__G_fg.t3)
File: 2_4__db__u__Wp__t__tb__G_fg.4 Graphic file (type eps)

<2_4__db__u__Wp__t__tb__G_fg.4> (./2_4__db__u__Wp__t__tb__G_fg.t4)
File: 2_4__db__u__Wp__t__tb__G_fg.5 Graphic file (type eps)

<2_4__db__u__Wp__t__tb__G_fg.5> (./2_4__db__u__Wp__t__tb__G_fg.t5)
File: 2_4__db__u__Wp__t__tb__G_fg.6 Graphic file (type eps)

<2_4__db__u__Wp__t__tb__G_fg.6> (./2_4__db__u__Wp__t__tb__G_fg.t6)
File: 2_4__db__u__Wp__t__tb__G_fg.7 Graphic file (type eps)

<2_4__db__u__Wp__t__tb__G_fg.7> (./2_4__db__u__Wp__t__tb__G_fg.t7)
File: 2_4__db__u__Wp__t__tb__G_fg.8 Graphic file (type eps)

<2_4__db__u__Wp__t__tb__G_fg.8> (./2_4__db__u__Wp__t__tb__G_fg.t8)
File: 2_4__db__u__Wp__t__tb__G_fg.9 Graphic file (type eps)

<2_4__db__u__Wp__t__tb__G_fg.9> (./2_4__db__u__Wp__t__tb__G_fg.t9)
File: 2_4__db__u__Wp__t__tb__G_fg.10 Graphic file (type eps)

<2_4__db__u__Wp__t__tb__G_fg.10> (./2_4__db__u__Wp__t__tb__G_fg.t10)
File: 2_4__db__u__Wp__t__tb__G_fg.11 Graphic file (type eps)

<2_4__db__u__Wp__t__tb__G_fg.11> (./2_4__db__u__Wp__t__tb__G_fg.t11)
File: 2_4__db__u__Wp__t__tb__G_fg.12 Graphic file (type eps)

<2_4__db__u__Wp__t__tb__G_fg.12> (./2_4__db__u__Wp__t__tb__G_fg.t12)
File: 2_4__db__u__Wp__t__tb__G_fg.13 Graphic file (type eps)

<2_4__db__u__Wp__t__tb__G_fg.13> (./2_4__db__u__Wp__t__tb__G_fg.t13)
File: 2_4__db__u__Wp__t__tb__G_fg.14 Graphic file (type eps)

<2_4__db__u__Wp__t__tb__G_fg.14> (./2_4__db__u__Wp__t__tb__G_fg.t14)
File: 2_4__db__u__Wp__t__tb__G_fg.15 Graphic file (type eps)

<2_4__db__u__Wp__t__tb__G_fg.15> (./2_4__db__u__Wp__t__tb__G_fg.t15)
File: 2_4__db__u__Wp__t__tb__G_fg.16 Graphic file (type eps)

<2_4__db__u__Wp__t__tb__G_fg.16> (./2_4__db__u__Wp__t__tb__G_fg.t16)
File: 2_4__db__u__Wp__t__tb__G_fg.17 Graphic file (type eps)

<2_4__db__u__Wp__t__tb__G_fg.17> (./2_4__db__u__Wp__t__tb__G_fg.t17)
File: 2_4__db__u__Wp__t__tb__G_fg.18 Graphic file (type eps)

<2_4__db__u__Wp__t__tb__G_fg.18> (./2_4__db__u__Wp__t__tb__G_fg.t18)
File: 2_4__db__u__Wp__t__tb__G_fg.19 Graphic file (type eps)

<2_4__db__u__Wp__t__tb__G_fg.19> (./2_4__db__u__Wp__t__tb__G_fg.t19)
File: 2_4__db__u__Wp__t__tb__G_fg.20 Graphic file (type eps)

<2_4__db__u__Wp__t__tb__G_fg.20> (./2_4__db__u__Wp__t__tb__G_fg.t20)
File: 2_4__db__u__Wp__t__tb__G_fg.21 Graphic file (type eps)

<2_4__db__u__Wp__t__tb__G_fg.21> (./2_4__db__u__Wp__t__tb__G_fg.t21)
File: 2_4__db__u__Wp__t__tb__G_fg.22 Graphic file (type eps)

<2_4__db__u__Wp__t__tb__G_fg.22> (./2_4__db__u__Wp__t__tb__G_fg.t22)
File: 2_4__db__u__Wp__t__tb__G_fg.23 Graphic file (type eps)

<2_4__db__u__Wp__t__tb__G_fg.23> (./2_4__db__u__Wp__t__tb__G_fg.t23)
File: 2_4__db__u__Wp__t__tb__G_fg.24 Graphic file (type eps)

<2_4__db__u__Wp__t__tb__G_fg.24> (./2_4__db__u__Wp__t__tb__G_fg.t24)
File: 2_4__db__u__Wp__t__tb__G_fg.25 Graphic file (type eps)

<2_4__db__u__Wp__t__tb__G_fg.25> (./2_4__db__u__Wp__t__tb__G_fg.t25)
File: 2_4__db__u__Wp__t__tb__G_fg.26 Graphic file (type eps)

<2_4__db__u__Wp__t__tb__G_fg.26> (./2_4__db__u__Wp__t__tb__G_fg.t26)
File: 2_4__db__u__Wp__t__tb__G_fg.27 Graphic file (type eps)

<2_4__db__u__Wp__t__tb__G_fg.27> (./2_4__db__u__Wp__t__tb__G_fg.t27)
File: 2_4__db__u__Wp__t__tb__G_fg.28 Graphic file (type eps)

<2_4__db__u__Wp__t__tb__G_fg.28> (./2_4__db__u__Wp__t__tb__G_fg.t28)
File: 2_4__db__u__Wp__t__tb__G_fg.29 Graphic file (type eps)

<2_4__db__u__Wp__t__tb__G_fg.29> (./2_4__db__u__Wp__t__tb__G_fg.t29)
File: 2_4__db__u__Wp__t__tb__G_fg.30 Graphic file (type eps)

<2_4__db__u__Wp__t__tb__G_fg.30> (./2_4__db__u__Wp__t__tb__G_fg.t30)
File: 2_4__db__u__Wp__t__tb__G_fg.31 Graphic file (type eps)

<2_4__db__u__Wp__t__tb__G_fg.31> (./2_4__db__u__Wp__t__tb__G_fg.t31)
File: 2_4__db__u__Wp__t__tb__G_fg.32 Graphic file (type eps)

<2_4__db__u__Wp__t__tb__G_fg.32> (./2_4__db__u__Wp__t__tb__G_fg.t32)
File: 2_4__db__u__Wp__t__tb__G_fg.33 Graphic file (type eps)

<2_4__db__u__Wp__t__tb__G_fg.33> (./2_4__db__u__Wp__t__tb__G_fg.t33)
File: 2_4__db__u__Wp__t__tb__G_fg.34 Graphic file (type eps)

<2_4__db__u__Wp__t__tb__G_fg.34> (./2_4__db__u__Wp__t__tb__G_fg.t34)
File: 2_4__db__u__Wp__t__tb__G_fg.35 Graphic file (type eps)

<2_4__db__u__Wp__t__tb__G_fg.35> (./2_4__db__u__Wp__t__tb__G_fg.t35)
File: 2_4__db__u__Wp__t__tb__G_fg.36 Graphic file (type eps)

<2_4__db__u__Wp__t__tb__G_fg.36> (./2_4__db__u__Wp__t__tb__G_fg.t36)
File: 2_4__db__u__Wp__t__tb__G_fg.37 Graphic file (type eps)

<2_4__db__u__Wp__t__tb__G_fg.37> (./2_4__db__u__Wp__t__tb__G_fg.t37)
Overfull \vbox (28.45274pt too high) has occurred while \output is active []


[1

]
Overfull \vbox (28.45274pt too high) has occurred while \output is active []


[2]
Overfull \vbox (28.45274pt too high) has occurred while \output is active []


[3]
Overfull \vbox (28.45274pt too high) has occurred while \output is active []


[4] (./2_4__db__u__Wp__t__tb__G.aux) ) 
Here is how much of TeX's memory you used:
 8893 strings out of 492991
 156443 string characters out of 6129393
 337579 words of memory out of 5000000
 12215 multiletter control sequences out of 15000+600000
 5339 words of font info for 22 fonts, out of 8000000 for 9000
 1141 hyphenation exceptions out of 8191
 43i,12n,42p,516b,395s stack positions out of 5000i,500n,10000p,200000b,80000s

Output written on 2_4__db__u__Wp__t__tb__G.dvi (4 pages, 24660 bytes).
